This is pdfTeX, Version 3.141592653-2.6-1.40.24 (TeX Live 2022) (preloaded format=pdflatex 2022.4.10)  21 AUG 2022 23:09
entering extended mode
 restricted \write18 enabled.
 file:line:error style messages enabled.
 %&-line parsing enabled.
**/Users/robert/Documents/bachelor-project/thesis/thesis.tex
(/Users/robert/Documents/bachelor-project/thesis/thesis.tex
LaTeX2e <2021-11-15> patch level 1
L3 programming layer <2022-02-24> (/usr/local/texlive/2022/texmf-dist/tex/latex/base/article.cls
Document Class: article 2021/10/04 v1.4n Standard LaTeX document class
(/usr/local/texlive/2022/texmf-dist/tex/latex/base/size12.clo
File: size12.clo 2021/10/04 v1.4n Standard LaTeX file (size option)
)
\c@part=\count185
\c@section=\count186
\c@subsection=\count187
\c@subsubsection=\count188
\c@paragraph=\count189
\c@subparagraph=\count190
\c@figure=\count191
\c@table=\count192
\abovecaptionskip=\skip47
\belowcaptionskip=\skip48
\bibindent=\dimen138
) (/usr/local/texlive/2022/texmf-dist/tex/latex/tocbibind/tocbibind.sty
Package: tocbibind 2010/10/13 v1.5k extra ToC listings
Package tocbibind Info: The document has section divisions on input line 50.


Package tocbibind Note: Using section or other style headings.

) (/usr/local/texlive/2022/texmf-dist/tex/latex/base/fontenc.sty
Package: fontenc 2021/04/29 v2.0v Standard LaTeX package
) (/usr/local/texlive/2022/texmf-dist/tex/latex/tex-gyre/tgtermes.sty
Package: tgtermes 2009/09/27 v1.2 TeX Gyre Termes as default roman family
 (/usr/local/texlive/2022/texmf-dist/tex/latex/kvoptions/kvoptions.sty
Package: kvoptions 2020-10-07 v3.14 Key value format for package options (HO)
 (/usr/local/texlive/2022/texmf-dist/tex/latex/graphics/keyval.sty
Package: keyval 2014/10/28 v1.15 key=value parser (DPC)
\KV@toks@=\toks16
) (/usr/local/texlive/2022/texmf-dist/tex/generic/ltxcmds/ltxcmds.sty
Package: ltxcmds 2020-05-10 v1.25 LaTeX kernel commands for general use (HO)
) (/usr/local/texlive/2022/texmf-dist/tex/generic/kvsetkeys/kvsetkeys.sty
Package: kvsetkeys 2019/12/15 v1.18 Key value parser (HO)
))) (/usr/local/texlive/2022/texmf-dist/tex/latex/subfiles/subfiles.sty
Package: subfiles 2020/11/14 v2.2 Multi-file projects (package)
 (/usr/local/texlive/2022/texmf-dist/tex/latex/import/import.sty
Package: import 2020/04/01  v 6.2
)) (/usr/local/texlive/2022/texmf-dist/tex/latex/graphics/graphicx.sty
Package: graphicx 2021/09/16 v1.2d Enhanced LaTeX Graphics (DPC,SPQR)
 (/usr/local/texlive/2022/texmf-dist/tex/latex/graphics/graphics.sty
Package: graphics 2021/03/04 v1.4d Standard LaTeX Graphics (DPC,SPQR)
 (/usr/local/texlive/2022/texmf-dist/tex/latex/graphics/trig.sty
Package: trig 2021/08/11 v1.11 sin cos tan (DPC)
) (/usr/local/texlive/2022/texmf-dist/tex/latex/graphics-cfg/graphics.cfg
File: graphics.cfg 2016/06/04 v1.11 sample graphics configuration
)
Package graphics Info: Driver file: pdftex.def on input line 107.
 (/usr/local/texlive/2022/texmf-dist/tex/latex/graphics-def/pdftex.def
File: pdftex.def 2020/10/05 v1.2a Graphics/color driver for pdftex
))
\Gin@req@height=\dimen139
\Gin@req@width=\dimen140
) (/usr/local/texlive/2022/texmf-dist/tex/latex/url/url.sty
\Urlmuskip=\muskip16
Package: url 2013/09/16  ver 3.4  Verb mode for urls, etc.
)
\c@definition=\count193
LaTeX Font Info:    Trying to load font information for T1+qtm on input line 14.
 (/usr/local/texlive/2022/texmf-dist/tex/latex/tex-gyre/t1qtm.fd
File: t1qtm.fd 2009/09/25 v1.2 font definition file for T1/qtm
) (/usr/local/texlive/2022/texmf-dist/tex/latex/l3backend/l3backend-pdftex.def
File: l3backend-pdftex.def 2022-02-07 L3 backend support: PDF output (pdfTeX)
\l__color_backend_stack_int=\count194
\l__pdf_internal_box=\box50
) (./thesis.aux

LaTeX Warning: Label `fig:mesh1' multiply defined.

)
\openout1 = `thesis.aux'.

LaTeX Font Info:    Checking defaults for OML/cmm/m/it on input line 14.
LaTeX Font Info:    ... okay on input line 14.
LaTeX Font Info:    Checking defaults for OMS/cmsy/m/n on input line 14.
LaTeX Font Info:    ... okay on input line 14.
LaTeX Font Info:    Checking defaults for OT1/cmr/m/n on input line 14.
LaTeX Font Info:    ... okay on input line 14.
LaTeX Font Info:    Checking defaults for T1/cmr/m/n on input line 14.
LaTeX Font Info:    ... okay on input line 14.
LaTeX Font Info:    Checking defaults for TS1/cmr/m/n on input line 14.
LaTeX Font Info:    ... okay on input line 14.
LaTeX Font Info:    Checking defaults for OMX/cmex/m/n on input line 14.
LaTeX Font Info:    ... okay on input line 14.
LaTeX Font Info:    Checking defaults for U/cmr/m/n on input line 14.
LaTeX Font Info:    ... okay on input line 14.
 (/usr/local/texlive/2022/texmf-dist/tex/context/base/mkii/supp-pdf.mkii
[Loading MPS to PDF converter (version 2006.09.02).]
\scratchcounter=\count195
\scratchdimen=\dimen141
\scratchbox=\box51
\nofMPsegments=\count196
\nofMParguments=\count197
\everyMPshowfont=\toks17
\MPscratchCnt=\count198
\MPscratchDim=\dimen142
\MPnumerator=\count199
\makeMPintoPDFobject=\count266
\everyMPtoPDFconversion=\toks18
) (/usr/local/texlive/2022/texmf-dist/tex/latex/epstopdf-pkg/epstopdf-base.sty
Package: epstopdf-base 2020-01-24 v2.11 Base part for package epstopdf
 (/usr/local/texlive/2022/texmf-dist/tex/generic/infwarerr/infwarerr.sty
Package: infwarerr 2019/12/03 v1.5 Providing info/warning/error messages (HO)
) (/usr/local/texlive/2022/texmf-dist/tex/latex/grfext/grfext.sty
Package: grfext 2019/12/03 v1.3 Manage graphics extensions (HO)
 (/usr/local/texlive/2022/texmf-dist/tex/generic/kvdefinekeys/kvdefinekeys.sty
Package: kvdefinekeys 2019-12-19 v1.6 Define keys (HO)
)) (/usr/local/texlive/2022/texmf-dist/tex/generic/pdftexcmds/pdftexcmds.sty
Package: pdftexcmds 2020-06-27 v0.33 Utility functions of pdfTeX for LuaTeX (HO)
 (/usr/local/texlive/2022/texmf-dist/tex/generic/iftex/iftex.sty
Package: iftex 2022/02/03 v1.0f TeX engine tests
)
Package pdftexcmds Info: \pdf@primitive is available.
Package pdftexcmds Info: \pdf@ifprimitive is available.
Package pdftexcmds Info: \pdfdraftmode found.
)
Package epstopdf-base Info: Redefining graphics rule for `.eps' on input line 485.
Package grfext Info: Graphics extension search list:
(grfext)             [.pdf,.png,.jpg,.mps,.jpeg,.jbig2,.jb2,.PDF,.PNG,.JPG,.JPEG,.JBIG2,.JB2,.eps]
(grfext)             \AppendGraphicsExtensions on input line 504.
 (/usr/local/texlive/2022/texmf-dist/tex/latex/latexconfig/epstopdf-sys.cfg
File: epstopdf-sys.cfg 2010/07/13 v1.3 Configuration of (r)epstopdf for TeX Live
)) (./sections/titlepages.tex
LaTeX Font Info:    External font `cmex10' loaded for size
(Font)              <12> on input line 4.
LaTeX Font Info:    External font `cmex10' loaded for size
(Font)              <8> on input line 4.
LaTeX Font Info:    External font `cmex10' loaded for size
(Font)              <6> on input line 4.
LaTeX Font Info:    External font `cmex10' loaded for size
(Font)              <24.88> on input line 11.
LaTeX Font Info:    External font `cmex10' loaded for size
(Font)              <20.74> on input line 11.
LaTeX Font Info:    External font `cmex10' loaded for size
(Font)              <17.28> on input line 11.
LaTeX Font Info:    External font `cmex10' loaded for size
(Font)              <14.4> on input line 17.
LaTeX Font Info:    External font `cmex10' loaded for size
(Font)              <7> on input line 17.
 [1

{/usr/local/texlive/2022/texmf-var/fonts/map/pdftex/updmap/pdftex.map}] [1]) (./thesis.toc)
\tf@toc=\write3
\openout3 = `thesis.toc'.

 [1] [2] (./sections/ml-and-nlp.tex [3]
<images/ai-dl-ml-nlp-diagram.png, id=21, 1076.02pt x 643.40375pt>
File: images/ai-dl-ml-nlp-diagram.png Graphic file (type png)
<use images/ai-dl-ml-nlp-diagram.png>
Package pdftex.def Info: images/ai-dl-ml-nlp-diagram.png  used on input line 35.
(pdftex.def)             Requested size: 389.99391pt x 233.19597pt.

Overfull \hbox (24.41872pt too wide) in paragraph at lines 35--36
[][] 
 []

[4] [5 <./images/ai-dl-ml-nlp-diagram.png>] [6] [7]
<images/knn.jpeg, id=37, 1606.0pt x 803.0pt>
File: images/knn.jpeg Graphic file (type jpg)
<use images/knn.jpeg>
Package pdftex.def Info: images/knn.jpeg  used on input line 70.
(pdftex.def)             Requested size: 390.00592pt x 195.00294pt.

Overfull \hbox (6.80591pt too wide) in paragraph at lines 70--71
 [][] 
 []

[8 <./images/knn.jpeg>] [9]
<images/lr-sigmoid.jpeg, id=44, 1572.87625pt x 1606.0pt>
File: images/lr-sigmoid.jpeg Graphic file (type jpg)
<use images/lr-sigmoid.jpeg>
Package pdftex.def Info: images/lr-sigmoid.jpeg  used on input line 109.
(pdftex.def)             Requested size: 390.00208pt x 398.21527pt.

Overfull \hbox (6.80206pt too wide) in paragraph at lines 109--110
 [][] 
 []


LaTeX Warning: `h' float specifier changed to `ht'.

[10]) [11] [12] (./sections/application-development.tex
Overfull \hbox (5.87996pt too wide) in paragraph at lines 5--6
\T1/qtm/m/n/12 The ap-pli-ca-tion de-vel-oped for this the-sis is a web ex-ten-sion built for Google Chrome,
 []

<images/app-architecture.png, id=55, 844.15375pt x 527.9725pt>
File: images/app-architecture.png Graphic file (type png)
<use images/app-architecture.png>
Package pdftex.def Info: images/app-architecture.png  used on input line 25.
(pdftex.def)             Requested size: 390.0028pt x 243.92566pt.

Overfull \hbox (6.8028pt too wide) in paragraph at lines 25--26
 [][] 
 []

[13]

LaTeX Warning: `h' float specifier changed to `ht'.


Overfull \hbox (6.05383pt too wide) in paragraph at lines 49--50
[]\T1/qtm/b/n/12 Service Worker\T1/qtm/m/n/12 , a JavaScript script run-ning in the back-ground of the browser,
 []

[14]) [15] [16] (./thesis.bbl
Underfull \hbox (badness 1975) in paragraph at lines 4--9
[]\T1/qtm/m/n/12 Matthew Helm, An-drew Swier-gosz, Heather Hae-berle, Jaret Kar-nuta,
 []

LaTeX Font Info:    Trying to load font information for T1+cmtt on input line 31.
(/usr/local/texlive/2022/texmf-dist/tex/latex/base/t1cmtt.fd
File: t1cmtt.fd 2019/12/16 v2.5j Standard LaTeX font definitions
)
Underfull \hbox (badness 10000) in paragraph at lines 27--33
\T1/cmtt/m/n/12 logistic -[] regression -[] with -[] maximum -[] likelihood -[] estimation/$\T1/qtm/m/n/12 .
 []


Underfull \hbox (badness 1057) in paragraph at lines 45--49
\T1/cmtt/m/n/12 org / wiki / Wikipedia : Reliable _ sources / Perennial _ sources$\T1/qtm/m/n/12 .  Ac-
 []

[17]) [18] [19 <./images/lr-sigmoid.jpeg>] [20 <./images/app-architecture.png>] (./thesis.aux)

LaTeX Warning: There were multiply-defined labels.

 ) 
Here is how much of TeX's memory you used:
 2587 strings out of 478268
 44492 string characters out of 5846347
 332246 words of memory out of 5000000
 20743 multiletter control sequences out of 15000+600000
 508005 words of font info for 62 fonts, out of 8000000 for 9000
 1141 hyphenation exceptions out of 8191
 60i,7n,67p,999b,322s stack positions out of 10000i,1000n,20000p,200000b,200000s
{/usr/local/texlive/2022/texmf-dist/fonts/enc/dvips/cm-super/cm-super-t1.enc}{/usr/local/texlive/2022/texmf-dist/fonts/enc/dvips/tex-gyre/q-ec.enc}</usr/local/texlive/2022/texmf-dist/fonts/type1/public/tex-gyre/qtmb.pfb></usr/local/texlive/2022/texmf-dist/fonts/type1/public/tex-gyre/qtmr.pfb></usr/local/texlive/2022/texmf-dist/fonts/type1/public/tex-gyre/qtmri.pfb></usr/local/texlive/2022/texmf-dist/fonts/type1/public/cm-super/sftt1200.pfb>
Output written on thesis.pdf (22 pages, 430623 bytes).
PDF statistics:
 104 PDF objects out of 1000 (max. 8388607)
 65 compressed objects within 1 object stream
 0 named destinations out of 1000 (max. 500000)
 21 words of extra memory for PDF output out of 10000 (max. 10000000)

